<?xml version="1.0" encoding="UTF-8"?>
<!-- Generated by org.testng.reporters.JUnitReportReporter -->
<testsuite hostname="DESKTOP-RUSN8H5" failures="0" tests="1" name="runner.TestRunner" time="43.604" errors="0" timestamp="2025-06-05T16:37:48 IST" skipped="0">
  <testcase classname="runner.TestRunner" name="runScenario" time="43.604"/>
</testsuite> <!-- runner.TestRunner -->
